ELASTIX version: 5.000
Command line options from ElastixBase:
-out      ./
-threads  unspecified, so all available threads are used
-def      unspecified, so no input points transformed
-jac      unspecified, so no det(dT/dx) computed
-jacmat   unspecified, so no dT/dx computed

Reading input image ...
  Reading input image took 0.000019 s
Calling all ReadFromFile()'s ...
WARNING: The parameter "UseBinaryFormatForTransformationParameters", requested at entry number 0, does not exist at all.
  The default value "false" is used instead.
  Calling all ReadFromFile()'s took 0.000091 s
Transforming points ...
  The command-line option "-def" is not used, so no points are transformed
  Transforming points done, it took 0.00s
Compute determinant of spatial Jacobian ...
  The command-line option "-jac" is not used, so no det(dT/dx) computed.
  Computing determinant of spatial Jacobian done, it took 0.00s
Compute spatial Jacobian (full matrix) ...
  The command-line option "-jacmat" is not used, so no dT/dx computed.
  Computing spatial Jacobian done, it took 0.00s
Resampling image and writing to disk ...
  Resampling took 0.03s
ELASTIX version: 5.000
Command line options from ElastixBase:
-fMask    unspecified, so no fixed mask used
-mMask    unspecified, so no moving mask used
-out      ./
-priority unspecified, so NORMAL process priority
-threads  unspecified, so all available threads are used
WARNING: The parameter "UseDirectionCosines", requested at entry number 0, does not exist at all.
  The default value "true" is used instead.

WARNING: The option "UseDirectionCosines" was not found in your parameter file.
  From elastix 4.8 it defaults to true!
This may change the behavior of your registrations considerably.

Command line options from TransformBase:
-t0       unspecified, so no initial transform used

Reading images...
Reading images took 0 ms.

WARNING: the fixed pyramid schedule is not fully specified!
  A default pyramid schedule is used.
WARNING: the moving pyramid schedule is not fully specified!
  A default pyramid schedule is used.
WARNING: The parameter "AutomaticTransformInitialization", requested at entry number 0, does not exist at all.
  The default value "false" is used instead.
WARNING: The parameter "AutomaticTransformInitializationMethod", requested at entry number 0, does not exist at all.
  The default value "GeometricalCenter" is used instead.
Transform parameters are initialized as: [1, 0, 0, 1, 0, 0]
InitializeTransform took 0.00s
Scales are estimated automatically.
Scales for transform parameters are: [22100.25, 22100.25, 22100.25, 22100.25, 1, 1]
Initialization of all components (before registration) took: 4 ms.
Preparation of the image pyramids took: 17 ms.

Resolution: 0
WARNING: The parameter "ShowExactMetricValue", requested at entry number 0, does not exist at all.
  The default value "false" is used instead.
WARNING: The parameter "UseMultiThreadingForMetrics", requested at entry number 0, does not exist at all.
  The default value "true" is used instead.
Setting the fixed masks took: 0 ms.
Setting the moving masks took: 0 ms.
WARNING: The parameter "FixedImageBSplineInterpolationOrder", requested at entry number 0, does not exist at all.
  The default value "1" is used instead.
WARNING: The parameter "UseRandomSampleRegion", requested at entry number 0, does not exist at all.
  The default value "false" is used instead.
WARNING: The parameter "NumberOfHistogramBins", requested at entry number 0, does not exist at all.
  The default value "32" is used instead.
WARNING: The parameter "NumberOfFixedHistogramBins", requested at entry number 0, does not exist at all.
  The default value "32" is used instead.
WARNING: The parameter "NumberOfMovingHistogramBins", requested at entry number 0, does not exist at all.
  The default value "32" is used instead.
WARNING: The parameter "FixedLimitRangeRatio", requested at entry number 0, does not exist at all.
  The default value "0.01" is used instead.
WARNING: The parameter "MovingLimitRangeRatio", requested at entry number 0, does not exist at all.
  The default value "0.01" is used instead.
WARNING: The parameter "FixedKernelBSplineOrder", requested at entry number 0, does not exist at all.
  The default value "0" is used instead.
WARNING: The parameter "MovingKernelBSplineOrder", requested at entry number 0, does not exist at all.
  The default value "3" is used instead.
WARNING: The parameter "UseFastAndLowMemoryVersion", requested at entry number 0, does not exist at all.
  The default value "true" is used instead.
WARNING: The parameter "UseJacobianPreconditioning", requested at entry number 0, does not exist at all.
  The default value "false" is used instead.
WARNING: The parameter "FiniteDifferenceDerivative", requested at entry number 0, does not exist at all.
  The default value "false" is used instead.
WARNING: The parameter "SP_A", requested at entry number 0, does not exist at all.
  The default value "20" is used instead.

WARNING: You have set MaximumNumberOfSamplingAttempts to 8.
  This functionality is known to cause problems (stack overflow) for large values.
  If elastix stops or segfaults for no obvious reason, reduce this value.
  You may select the RandomSparseMask image sampler to fix mask-related problems.

WARNING: The parameter "SigmoidInitialTime", requested at entry number 0, does not exist at all.
  The default value "0" is used instead.
WARNING: The parameter "MaxBandCovSize", requested at entry number 0, does not exist at all.
  The default value "192" is used instead.
WARNING: The parameter "NumberOfBandStructureSamples", requested at entry number 0, does not exist at all.
  The default value "10" is used instead.
WARNING: The parameter "UseAdaptiveStepSizes", requested at entry number 0, does not exist at all.
  The default value "true" is used instead.
WARNING: The parameter "UseConstantStep", requested at entry number 0, does not exist at all.
  The default value "false" is used instead.
WARNING: The parameter "MaximumStepLengthRatio", requested at entry number 0, does not exist at all.
  The default value "1" is used instead.
WARNING: The parameter "MaximumStepLength", requested at entry number 0, does not exist at all.
  The default value "1" is used instead.
WARNING: The parameter "NumberOfGradientMeasurements", requested at entry number 0, does not exist at all.
  The default value "0" is used instead.
WARNING: The parameter "NumberOfJacobianMeasurements", requested at entry number 0, does not exist at all.
  The default value "1000" is used instead.
WARNING: The parameter "SigmoidScaleFactor", requested at entry number 0, does not exist at all.
  The default value "0.1" is used instead.
Elastix initialization of all components (for this resolution) took: 0 ms.
  Computing the fixed image extrema took 0 ms.
  Computing the moving image extrema took 0 ms.
Initialization of AdvancedMattesMutualInformation metric took: 1 ms.
Starting automatic parameter estimation for AdaptiveStochasticGradientDescent ...
WARNING: The parameter "ASGDParameterEstimationMethod", requested at entry number 0, does not exist at all.
  The default value "Original" is used instead.
  Computing JacobianTerms ...
  Computing the Jacobian terms took 0.000675s
  NumberOfGradientMeasurements to estimate sigma_i: 6
  Sampling gradients ...
  Sampling the gradients took 0.010775s
Automatic parameter estimation took 0.01s
1:ItNr	2:Metric	3a:Time	3b:StepSize	4:||Gradient||	Time[ms]
0	-0.443910	0.000000	24.162386	0.017708	13.9
1	-0.419357	0.000000	24.162386	0.015097	0.8
2	-0.430408	0.000000	24.162386	0.012912	0.8
3	-0.434338	0.000000	24.162386	0.014534	0.8
4	-0.451381	0.000000	24.162386	0.013173	0.8
5	-0.455286	0.000000	24.162386	0.016260	0.8
6	-0.467697	0.000000	24.162386	0.013696	0.8
7	-0.468095	0.000000	24.162386	0.014238	0.8
8	-0.483845	0.000000	24.162386	0.013672	0.8
9	-0.477735	0.000000	24.162386	0.017713	0.8
10	-0.447808	0.000000	24.162386	0.013197	0.8
11	-0.471275	0.000000	24.162386	0.013550	0.8
12	-0.456995	0.000000	24.162386	0.012385	0.7
13	-0.512493	0.000000	24.162386	0.014809	0.7
14	-0.514379	0.000000	24.162386	0.013222	0.8
15	-0.521549	0.000000	24.162386	0.012293	0.8
16	-0.525241	0.000000	24.162386	0.010680	0.8
17	-0.523872	0.000000	24.162386	0.015587	0.8
18	-0.521026	0.000000	24.162386	0.015359	0.7
19	-0.519053	0.000000	24.162386	0.014317	0.7
20	-0.519949	0.000000	24.162386	0.011350	0.8
21	-0.539209	0.000000	24.162386	0.012588	0.7
22	-0.518768	0.000000	24.162386	0.010072	0.8
23	-0.546522	0.000000	24.162386	0.011839	0.7
24	-0.523169	0.000000	24.162386	0.013355	0.7
25	-0.572114	0.000000	24.162386	0.010043	0.8
26	-0.513040	0.000000	24.162386	0.011503	0.8
27	-0.560111	0.000000	24.162386	0.012817	0.8
28	-0.531200	0.000000	24.162386	0.008494	0.9
29	-0.544992	0.000000	24.162386	0.012939	0.8
30	-0.549542	0.000000	24.162386	0.010529	0.7
31	-0.589479	0.000000	24.162386	0.009205	0.7
32	-0.574285	0.000000	24.162386	0.008960	0.8
33	-0.543527	0.000000	24.162386	0.008855	0.8
34	-0.565899	0.000000	24.162386	0.008783	0.7
35	-0.585738	0.000000	24.162386	0.007392	0.8
36	-0.559049	0.000000	24.162386	0.009820	0.8
37	-0.551887	0.000000	24.162386	0.008296	0.8
38	-0.564212	0.000000	24.162386	0.008643	0.9
39	-0.571278	0.000000	24.162386	0.006412	0.8
40	-0.551163	0.000000	24.162386	0.006250	0.8
41	-0.545249	0.000000	24.162386	0.010455	0.8
42	-0.585417	0.000000	24.162386	0.006024	0.8
43	-0.570679	0.000000	24.162386	0.005792	0.8
44	-0.576103	0.000000	24.162386	0.005990	0.8
45	-0.583815	0.000000	24.162386	0.004741	0.7
46	-0.589338	0.000000	24.162386	0.006640	0.8
47	-0.577362	0.000000	24.162386	0.008617	0.7
48	-0.592379	0.000000	24.162386	0.004468	0.8
49	-0.606668	0.000000	24.162386	0.008098	0.7
50	-0.628955	0.000000	24.162386	0.004017	0.7
51	-0.564231	0.000000	24.162386	0.007833	0.7
52	-0.588694	0.000000	24.162386	0.007605	0.7
53	-0.574657	0.000000	24.162386	0.004554	0.8
54	-0.580457	0.000000	24.162386	0.005824	0.8
55	-0.583576	0.000000	24.162386	0.002825	0.7
56	-0.598425	1.000000	23.064096	0.006504	0.8
57	-0.596628	0.948426	23.118292	0.003950	0.7
58	-0.564917	0.896875	23.172718	0.002353	0.7
59	-0.584351	0.845304	23.227423	0.002006	0.7
60	-0.587569	0.813900	23.260862	0.006438	0.7
61	-0.583301	0.762316	23.315998	0.004333	0.7
62	-0.590693	0.710810	23.371311	0.003967	0.7
63	-0.571104	1.707857	22.345134	0.003884	0.8
64	-0.577712	1.656274	22.396008	0.005379	0.7
65	-0.577320	2.656168	21.449379	0.005381	0.7
66	-0.587443	3.656168	20.579440	0.004142	0.7
67	-0.597753	3.604583	20.622585	0.005013	0.8
68	-0.602170	3.553002	20.665910	0.003992	0.8
69	-0.596897	3.501418	20.709419	0.003942	0.8
70	-0.597305	4.501418	19.897330	0.007070	0.8
71	-0.574813	4.449833	19.937660	0.003169	0.8
72	-0.584449	5.449833	19.183868	0.002130	0.8
73	-0.572678	5.403414	19.217594	0.003607	0.8
74	-0.579803	6.401967	18.517288	0.002865	0.8
75	-0.561080	6.350754	18.551961	0.004044	0.7
76	-0.574745	6.466487	18.473790	0.005138	0.8
77	-0.613202	7.466485	17.824825	0.004103	0.8
78	-0.567142	7.414901	17.857184	0.004522	0.8
79	-0.578249	8.411607	17.252036	0.003783	0.8
80	-0.601199	8.360025	17.282346	0.003617	0.8
81	-0.541364	8.308441	17.312764	0.002932	0.8
82	-0.591156	9.308177	16.741690	0.002665	0.8
83	-0.569947	9.256593	16.770233	0.003499	0.8
84	-0.573240	10.253836	16.235131	0.005732	0.8
85	-0.573558	10.202251	16.261971	0.004733	0.8
86	-0.578702	11.202251	15.756976	0.003180	0.8
87	-0.586785	12.094491	15.332162	0.004183	0.8
88	-0.578351	12.042907	15.356098	0.002592	0.8
89	-0.605766	12.025221	15.364322	0.003724	0.8
90	-0.592602	11.973636	15.388358	0.003503	0.8
91	-0.578832	12.359942	15.210162	0.005252	0.8
92	-0.574742	12.308357	15.233718	0.003674	0.7
93	-0.594321	12.256773	15.257347	0.006061	0.8
94	-0.567639	12.205193	15.281047	0.004021	0.7
95	-0.577563	13.205193	14.834301	0.004193	0.8
96	-0.597416	14.205187	14.412936	0.005212	0.7
97	-0.577846	14.153603	14.434086	0.003512	0.7
98	-0.589789	15.146354	14.037657	0.004854	0.8
99	-0.572690	15.832782	13.776046	0.002453	0.8
100	-0.587073	16.831413	13.412402	0.003437	0.8
101	-0.577836	17.830570	13.067285	0.005951	0.8
102	-0.576502	18.419837	12.871949	0.004513	0.8
103	-0.564921	19.250076	12.606439	0.003975	0.7
104	-0.575375	20.250070	12.300830	0.004510	0.7
105	-0.574924	20.198486	12.316232	0.003856	0.8
106	-0.595911	20.147174	12.331591	0.004216	0.8
107	-0.580763	20.099402	12.345925	0.002634	0.8
108	-0.595457	20.047828	12.361436	0.002134	0.8
109	-0.586539	19.997618	12.376576	0.004436	0.7
110	-0.616156	19.946109	12.392145	0.004775	0.8
111	-0.588457	19.894525	12.407776	0.003295	0.8
112	-0.578336	19.923527	12.398983	0.005692	0.7
113	-0.586319	20.923527	12.103231	0.006426	0.8
114	-0.603725	21.923527	11.821259	0.003708	0.8
115	-0.569461	21.871942	11.835482	0.003050	0.8
116	-0.604293	22.871942	11.565709	0.004905	0.7
117	-0.592486	23.871778	11.308001	0.005988	0.8
118	-0.577266	23.820193	11.321016	0.004169	0.8
119	-0.596736	24.820193	11.073941	0.004411	0.8
120	-0.578047	24.768609	11.086422	0.004581	0.8
121	-0.594939	24.717025	11.098931	0.002924	0.7
122	-0.592624	24.665440	11.111469	0.003606	0.8
123	-0.598987	25.611443	10.885956	0.005170	0.7
124	-0.577298	26.611443	10.657314	0.006160	0.7
125	-0.621203	27.611443	10.438080	0.003743	0.7
126	-0.582451	28.611438	10.227684	0.007049	0.7
127	-0.581552	28.559854	10.238329	0.004415	0.8
128	-0.582920	29.559854	10.035830	0.004223	0.8
129	-0.586541	29.508270	10.046080	0.004576	0.8
130	-0.582392	30.508270	9.851042	0.005848	0.8
131	-0.601027	31.508270	9.663432	0.005438	0.7
132	-0.587807	31.456685	9.672935	0.002079	0.8
133	-0.593601	31.405101	9.682457	0.002471	0.8
134	-0.572913	32.393810	9.503164	0.005312	0.7
135	-0.598001	32.342226	9.512354	0.002382	0.8
136	-0.595631	32.290641	9.521561	0.003595	0.7
137	-0.559864	33.242008	9.354560	0.003957	0.8
138	-0.576463	33.195846	9.362528	0.003180	0.8
139	-0.584310	33.145389	9.371252	0.002792	0.8
140	-0.582495	34.144284	9.201500	0.004891	0.8
141	-0.588507	35.086602	9.046904	0.004677	0.9
142	-0.591154	36.086310	8.888473	0.004340	0.9
143	-0.582492	36.034725	8.896512	0.005705	0.9
144	-0.576376	35.983141	8.904565	0.004558	1.2
145	-0.546342	35.931557	8.912634	0.004996	1.0
146	-0.583038	35.879976	8.920716	0.004606	0.9
147	-0.565192	35.835199	8.927744	0.003517	0.8
148	-0.586977	35.783615	8.935854	0.005348	0.8
149	-0.599896	35.732031	8.943979	0.004236	0.8
150	-0.565566	36.732031	8.789057	0.002893	0.8
151	-0.611804	37.712023	8.642354	0.003751	0.8
152	-0.594883	38.711958	8.497630	0.003265	0.8
153	-0.575946	39.711947	8.357665	0.003032	0.8
154	-0.570338	39.670939	8.363314	0.004716	0.8
155	-0.572530	39.619354	8.370431	0.004752	0.8
156	-0.571042	39.567770	8.377560	0.004341	0.8
157	-0.591891	39.516185	8.384701	0.004785	0.8
158	-0.606896	39.464601	8.391854	0.003237	0.8
159	-0.554968	39.413017	8.399020	0.004117	0.8
160	-0.599512	40.413016	8.262257	0.005230	0.8
161	-0.589793	40.361432	8.269203	0.004205	0.8
162	-0.547317	41.361432	8.136601	0.003682	0.8
163	-0.576542	41.309847	8.143337	0.004582	0.8
164	-0.583069	42.309847	8.014711	0.004821	0.8
165	-0.593955	42.258434	8.021225	0.004941	0.8
166	-0.596934	42.206849	8.027771	0.004392	0.8
167	-0.567551	42.155265	8.034328	0.001657	0.8
168	-0.577638	43.152951	7.909381	0.003549	0.8
169	-0.592775	43.103430	7.915491	0.006843	0.8
170	-0.583751	44.103430	7.793908	0.005318	0.9
171	-0.564087	45.100356	7.676360	0.004269	0.8
172	-0.580944	45.052521	7.681919	0.004097	0.7
173	-0.594487	46.052516	7.567354	0.005808	0.8
174	-0.584609	46.000932	7.573180	0.004338	0.8
175	-0.594250	45.949359	7.579014	0.003312	0.7
176	-0.570560	45.898766	7.584746	0.004098	0.8
177	-0.581597	45.961305	7.577662	0.004804	0.7
178	-0.577028	46.961305	7.466162	0.003118	0.7
179	-0.596303	47.961230	7.357904	0.003219	0.8
180	-0.573551	47.909648	7.363412	0.002839	0.7
181	-0.608679	47.860667	7.368649	0.004387	0.8
182	-0.592566	47.809083	7.374173	0.002730	0.8
183	-0.582986	47.766490	7.378741	0.004281	0.8
184	-0.617039	48.682671	7.281726	0.004886	0.8
185	-0.564972	48.631087	7.287120	0.003771	0.8
186	-0.568006	49.631087	7.183949	0.002534	0.8
187	-0.579679	50.630377	7.083728	0.006548	0.8
188	-0.590448	51.592586	6.989834	0.004258	0.8
189	-0.586523	52.592586	6.894854	0.006530	0.8
190	-0.634229	52.563217	6.897606	0.004055	0.9
191	-0.584744	52.511633	6.902446	0.003700	0.9
192	-0.575872	53.511633	6.809811	0.003218	0.9
193	-0.578733	54.511148	6.719672	0.003414	0.8
194	-0.591214	55.510945	6.631863	0.002753	0.8
195	-0.581228	56.507363	6.546605	0.003025	0.8
196	-0.594307	56.458430	6.550741	0.002780	0.8
197	-0.565232	56.406909	6.555101	0.004257	0.8
198	-0.580316	57.187179	6.489684	0.001351	0.8
199	-0.577352	57.942212	6.427615	0.002401	0.8
200	-0.574724	58.850003	6.354541	0.003878	0.8
201	-0.571221	59.705156	6.287208	0.002670	0.8
202	-0.581178	60.705156	6.210258	0.004049	0.9
203	-0.576962	61.702364	6.135376	0.006863	0.8
204	-0.589331	62.280790	6.092763	0.005163	0.8
205	-0.589164	62.229250	6.096536	0.007316	0.7
206	-0.598602	63.229250	6.024156	0.005813	0.7
207	-0.578794	63.177840	6.027835	0.003950	0.8
208	-0.604458	63.126256	6.031531	0.004802	0.8
209	-0.603034	63.074672	6.035232	0.003857	0.7
210	-0.605815	63.023091	6.038937	0.006005	0.7
211	-0.576534	62.971507	6.042646	0.004445	0.8
212	-0.573118	63.971507	5.971532	0.003498	0.8
213	-0.552346	64.967456	5.902351	0.004128	0.8
214	-0.586206	65.967456	5.834483	0.004102	0.8
215	-0.596181	66.967456	5.768157	0.003923	0.8
216	-0.593244	67.967451	5.703323	0.004363	0.8
217	-0.581057	67.915926	5.706628	0.001877	0.7
218	-0.596386	67.864341	5.709941	0.003589	0.7
219	-0.584999	67.813563	5.713205	0.004179	0.7
220	-0.553992	68.813429	5.649602	0.002531	0.8
221	-0.579890	69.813159	5.587407	0.006115	0.9
222	-0.574192	70.813159	5.526551	0.006922	0.8
223	-0.602375	71.813159	5.467006	0.003433	0.8
224	-0.596284	72.813159	5.408731	0.003335	0.8
225	-0.585094	73.813159	5.351684	0.002636	0.8
226	-0.585493	74.813141	5.295830	0.004839	0.8
227	-0.588254	74.761762	5.298671	0.005265	0.8
228	-0.576910	75.761762	5.243911	0.005216	0.8
229	-0.605007	75.710288	5.246703	0.003319	0.8
230	-0.582591	75.658703	5.249503	0.003144	0.8
231	-0.552968	75.607543	5.252283	0.002927	0.8
232	-0.589996	76.605608	5.198575	0.002819	0.8
233	-0.584170	77.605591	5.145855	0.004360	0.8
234	-0.597729	77.693190	5.141288	0.002094	1.0
235	-0.597720	77.641605	5.143977	0.003805	0.9
236	-0.566727	78.612592	5.093835	0.003594	0.9
237	-0.555845	78.566693	5.096183	0.005845	0.8
238	-0.566600	78.515108	5.098825	0.005527	0.8
239	-0.585095	78.463524	5.101469	0.002437	0.8
240	-0.605838	78.411939	5.104116	0.001816	0.8
241	-0.588028	79.214206	5.063255	0.003197	0.8
242	-0.558622	80.211954	5.013342	0.003083	0.9
243	-0.598501	80.289140	5.009521	0.006165	0.8
244	-0.589562	80.237557	5.012074	0.007138	0.8
245	-0.581063	81.237557	4.963050	0.003962	0.8
246	-0.593972	82.237557	4.914976	0.004218	0.8
247	-0.585892	83.237557	4.867824	0.007094	0.7
248	-0.606674	84.237557	4.821569	0.004266	0.8
249	-0.596111	84.185972	4.823933	0.004934	0.8
250	-0.580466	84.134388	4.826300	0.004345	0.7
251	-0.587725	84.082804	4.828669	0.004264	0.8
252	-0.601666	84.031220	4.831041	0.001764	0.7
253	-0.576659	83.981015	4.833351	0.004112	0.8
254	-0.616762	83.930161	4.835694	0.004641	0.7
255	-0.590043	84.930161	4.790044	0.004674	0.7
Time spent in resolution 0 (ITK initialization and iterating): 0.230 s.
Stopping condition: Maximum number of iterations has been reached.
Settings of AdaptiveStochasticGradientDescent in resolution 0:
( SP_a 507.410113 )
( SP_A 20.000000 )
( SP_alpha 1.000000 )
( SigmoidMax 1.000000 )
( SigmoidMin -0.051584 )
( SigmoidScale 0.000000 )


Resolution: 1
WARNING: The parameter "ShowExactMetricValue", requested at entry number 1, does not exist at all.
  The default value "false" is used instead.
WARNING: The parameter "UseMultiThreadingForMetrics", requested at entry number 1, does not exist at all.
  The default value "true" is used instead.
Setting the fixed masks took: 0 ms.
Setting the moving masks took: 0 ms.
WARNING: The parameter "FixedImageBSplineInterpolationOrder", requested at entry number 1, does not exist at all.
  The default value "1" is used instead.
WARNING: The parameter "UseRandomSampleRegion", requested at entry number 1, does not exist at all.
  The default value "false" is used instead.
WARNING: The parameter "NumberOfHistogramBins", requested at entry number 1, does not exist at all.
  The default value "32" is used instead.
WARNING: The parameter "NumberOfFixedHistogramBins", requested at entry number 1, does not exist at all.
  The default value "32" is used instead.
WARNING: The parameter "NumberOfMovingHistogramBins", requested at entry number 1, does not exist at all.
  The default value "32" is used instead.
WARNING: The parameter "FixedLimitRangeRatio", requested at entry number 1, does not exist at all.
  The default value "0.01" is used instead.
WARNING: The parameter "MovingLimitRangeRatio", requested at entry number 1, does not exist at all.
  The default value "0.01" is used instead.
WARNING: The parameter "FixedKernelBSplineOrder", requested at entry number 1, does not exist at all.
  The default value "0" is used instead.
WARNING: The parameter "MovingKernelBSplineOrder", requested at entry number 1, does not exist at all.
  The default value "3" is used instead.
WARNING: The parameter "UseFastAndLowMemoryVersion", requested at entry number 1, does not exist at all.
  The default value "true" is used instead.
WARNING: The parameter "UseJacobianPreconditioning", requested at entry number 1, does not exist at all.
  The default value "false" is used instead.
WARNING: The parameter "FiniteDifferenceDerivative", requested at entry number 1, does not exist at all.
  The default value "false" is used instead.
WARNING: The parameter "SP_A", requested at entry number 1, does not exist at all.
  The default value "20" is used instead.

WARNING: You have set MaximumNumberOfSamplingAttempts to 8.
  This functionality is known to cause problems (stack overflow) for large values.
  If elastix stops or segfaults for no obvious reason, reduce this value.
  You may select the RandomSparseMask image sampler to fix mask-related problems.

WARNING: The parameter "SigmoidInitialTime", requested at entry number 1, does not exist at all.
  The default value "0" is used instead.
WARNING: The parameter "MaxBandCovSize", requested at entry number 1, does not exist at all.
  The default value "192" is used instead.
WARNING: The parameter "NumberOfBandStructureSamples", requested at entry number 1, does not exist at all.
  The default value "10" is used instead.
WARNING: The parameter "UseAdaptiveStepSizes", requested at entry number 1, does not exist at all.
  The default value "true" is used instead.
WARNING: The parameter "UseConstantStep", requested at entry number 1, does not exist at all.
  The default value "false" is used instead.
WARNING: The parameter "MaximumStepLengthRatio", requested at entry number 1, does not exist at all.
  The default value "1" is used instead.
WARNING: The parameter "MaximumStepLength", requested at entry number 1, does not exist at all.
  The default value "1" is used instead.
WARNING: The parameter "NumberOfGradientMeasurements", requested at entry number 1, does not exist at all.
  The default value "0" is used instead.
WARNING: The parameter "NumberOfJacobianMeasurements", requested at entry number 1, does not exist at all.
  The default value "1000" is used instead.
WARNING: The parameter "SigmoidScaleFactor", requested at entry number 1, does not exist at all.
  The default value "0.1" is used instead.
Elastix initialization of all components (for this resolution) took: 0 ms.
  Computing the fixed image extrema took 0 ms.
  Computing the moving image extrema took 0 ms.
Initialization of AdvancedMattesMutualInformation metric took: 0 ms.
Starting automatic parameter estimation for AdaptiveStochasticGradientDescent ...
WARNING: The parameter "ASGDParameterEstimationMethod", requested at entry number 0, does not exist at all.
  The default value "Original" is used instead.
  Computing JacobianTerms ...
  Computing the Jacobian terms took 0.000676s
  NumberOfGradientMeasurements to estimate sigma_i: 6
  Sampling gradients ...
  Sampling the gradients took 0.010601s
Automatic parameter estimation took 0.01s
1:ItNr	2:Metric	3a:Time	3b:StepSize	4:||Gradient||	Time[ms]
0	-0.514271	0.000000	36.167393	0.006379	13.1
1	-0.507040	0.000000	36.167393	0.007583	0.8
2	-0.521798	0.000000	36.167393	0.002800	0.8
3	-0.520971	0.000000	36.167393	0.007922	0.8
4	-0.506727	0.999995	34.523428	0.006854	0.8
5	-0.491329	0.569691	35.212153	0.006373	0.7
6	-0.530286	0.139387	35.928916	0.004306	0.8
7	-0.522606	0.000000	36.167393	0.006032	0.8
8	-0.499977	0.000000	36.167393	0.004774	0.8
9	-0.512072	0.938263	34.620573	0.003706	0.8
10	-0.512599	1.883760	33.190143	0.006769	0.7
11	-0.524360	2.883760	31.800490	0.004390	0.8
12	-0.552689	3.883760	30.522528	0.007523	0.7
13	-0.508943	3.454045	31.058880	0.005000	0.7
14	-0.524830	3.023764	31.615165	0.003831	0.8
15	-0.502563	2.593490	32.191730	0.004058	0.7
16	-0.511899	2.165245	32.786843	0.005462	0.8
17	-0.501692	1.734941	33.407400	0.003845	0.7
18	-0.512075	1.344108	33.991747	0.007476	0.8
19	-0.528613	2.342846	32.537389	0.005342	0.7
20	-0.507769	3.342845	31.200760	0.004125	0.8
21	-0.506263	4.340565	29.972309	0.008323	0.7
22	-0.504048	5.340565	28.834433	0.004963	0.8
23	-0.522373	6.340565	27.779793	0.004579	0.8
24	-0.522369	7.340507	26.799636	0.005084	0.7
25	-0.500998	6.910219	27.212802	0.005129	0.9
26	-0.507343	6.480574	27.638261	0.003663	0.9
27	-0.512867	6.051017	28.077143	0.003159	0.8
28	-0.532350	5.633196	28.517616	0.004314	0.8
29	-0.518699	6.597465	27.521197	0.003885	0.8
30	-0.546424	7.597113	26.559158	0.005847	0.8
31	-0.510913	8.597059	25.661849	0.005801	0.8
32	-0.505602	8.168014	26.039320	0.007140	0.8
33	-0.520593	9.166687	25.177284	0.005019	0.8
34	-0.524408	10.166685	24.369460	0.005654	0.9
35	-0.542042	10.464064	24.139134	0.002437	0.9
36	-0.513655	10.459359	24.142744	0.005543	0.8
37	-0.502066	10.029122	24.477497	0.006817	0.8
38	-0.526668	9.599229	24.821385	0.004605	0.8
39	-0.524437	9.168925	25.175417	0.005676	0.8
40	-0.499660	8.757726	25.523296	0.003115	0.8
41	-0.529917	8.330062	25.895453	0.009033	0.7
42	-0.516413	9.330062	25.041665	0.008906	0.8
43	-0.540849	10.330058	24.242383	0.004010	0.7
44	-0.538123	9.953963	24.536931	0.005188	0.8
45	-0.525041	10.767862	23.908290	0.005790	0.8
46	-0.535897	10.337558	24.236581	0.004640	0.7
47	-0.491638	11.337112	23.487418	0.005137	0.7
48	-0.524380	12.289474	22.815478	0.006062	0.7
49	-0.505467	13.288832	22.150514	0.005489	0.7
50	-0.506673	12.858528	22.432022	0.003257	0.9
51	-0.528421	12.428659	22.720482	0.002924	0.7
52	-0.524296	13.075918	22.288915	0.004658	0.9
53	-0.543161	12.645764	22.573875	0.006006	0.8
54	-0.522469	12.215618	22.866209	0.004956	0.9
55	-0.513350	12.928732	22.385607	0.004379	1.0
56	-0.514004	13.014959	22.328860	0.003496	0.8
57	-0.521912	12.631635	22.583358	0.005249	0.9
58	-0.546622	13.582412	21.962472	0.003514	0.8
59	-0.531652	14.582095	21.345434	0.002832	0.8
60	-0.508143	14.153253	21.605831	0.005922	0.7
61	-0.510951	15.153135	21.008282	0.005206	0.8
62	-0.507324	16.153135	20.442831	0.003382	0.8
63	-0.517953	15.722831	20.682372	0.007394	0.8
64	-0.544426	15.369854	20.883099	0.002998	0.8
65	-0.522910	16.229527	20.400884	0.005591	0.8
66	-0.508831	15.806537	20.635336	0.007559	0.8
67	-0.534681	16.805874	20.089874	0.003995	0.8
68	-0.512926	16.375570	20.321169	0.004979	0.8
69	-0.514298	15.945266	20.557851	0.002786	0.8
70	-0.511165	15.591134	20.756811	0.004383	0.8
71	-0.512741	15.191280	20.986140	0.005508	0.8
72	-0.553660	14.760983	21.238657	0.007156	0.9
73	-0.520993	15.760983	20.660907	0.005298	0.8
74	-0.488984	16.760883	20.113811	0.004642	0.8
75	-0.516004	16.330579	20.345660	0.002879	0.9
76	-0.502775	16.931273	20.023458	0.005876	0.8
77	-0.496930	16.583384	20.208805	0.003966	0.8
78	-0.505636	16.329222	20.346399	0.002131	0.8
79	-0.513803	15.900550	20.582762	0.004453	0.8
80	-0.500116	15.538022	20.786983	0.003399	0.9
81	-0.524070	16.190950	20.422045	0.003167	0.8
82	-0.511341	15.766113	20.658024	0.008197	0.8
83	-0.531068	15.335816	20.902661	0.005020	0.8
84	-0.494965	16.319029	20.351957	0.003788	0.8
85	-0.530428	15.888726	20.589360	0.005440	0.8
86	-0.521650	15.464073	20.829140	0.004885	0.8
87	-0.519018	16.269707	20.378890	0.004096	0.8
88	-0.549707	17.269572	19.846453	0.005477	0.7
89	-0.517512	16.845765	20.068699	0.005049	0.8
90	-0.482996	17.845765	19.552074	0.003211	0.8
91	-0.505010	17.415869	19.770873	0.003283	0.8
92	-0.490017	18.387525	19.283143	0.006980	0.8
93	-0.503509	19.349955	18.823199	0.005862	0.8
94	-0.533425	18.919651	19.026100	0.004197	0.8
95	-0.505264	19.919650	18.561138	0.005390	0.8
96	-0.508815	20.919645	18.118361	0.005031	0.8
97	-0.508140	20.500340	18.301423	0.004384	0.8
98	-0.516807	21.477112	17.880577	0.006833	0.7
99	-0.505588	21.046960	18.063500	0.002864	0.8
100	-0.511086	20.616656	18.250271	0.004433	0.8
101	-0.529796	21.510545	17.866514	0.004103	0.7
102	-0.519764	22.125071	17.611919	0.004583	0.7
103	-0.504317	23.123285	17.213479	0.004269	0.7
104	-0.527635	22.697560	17.381182	0.005416	0.8
105	-0.502162	22.267330	17.554013	0.003895	0.8
106	-0.515862	23.257368	17.161329	0.008456	0.8
107	-0.549803	24.257368	16.782135	0.008383	0.8
108	-0.544126	23.827293	16.943144	0.002655	0.8
109	-0.544829	24.826313	16.573781	0.003572	0.9
110	-0.532306	24.882985	16.553310	0.003591	0.8
111	-0.510681	24.480400	16.699837	0.002275	0.8
112	-0.527097	24.173646	16.813238	0.004215	0.7
113	-0.501894	23.878841	16.923683	0.005905	0.7
114	-0.514910	23.448541	17.087518	0.003754	0.8
115	-0.515454	24.415847	16.723573	0.004098	0.8
116	-0.499609	24.208493	16.800278	0.004689	0.8
117	-0.514614	25.208442	16.436721	0.004663	0.8
118	-0.528827	24.778140	16.591221	0.005138	0.8
119	-0.536850	25.180049	16.446827	0.007283	0.8
120	-0.469441	26.179684	16.098354	0.004765	0.8
121	-0.518093	25.750736	16.246060	0.008754	0.8
122	-0.565346	26.750736	15.905833	0.004305	0.8
123	-0.562792	26.320461	16.050462	0.003214	0.7
124	-0.520319	25.907190	16.191873	0.004961	0.7
125	-0.510967	25.683499	16.269459	0.007255	0.7
126	-0.551439	25.660593	16.277446	0.006297	0.8
127	-0.507977	25.230293	16.428952	0.004613	0.7
128	-0.505012	25.291964	16.407065	0.004209	0.7
129	-0.513335	25.850028	16.211629	0.003255	0.8
130	-0.516223	26.618683	15.949943	0.002407	0.8
131	-0.549271	26.285692	16.062264	0.002961	0.7
132	-0.489084	25.890595	16.197603	0.003140	0.7
133	-0.533569	25.480555	16.340495	0.005116	0.7
134	-0.530807	25.073480	16.484868	0.006104	0.7
135	-0.481781	26.055738	16.140757	0.003091	0.7
136	-0.526655	27.049329	15.806990	0.006139	0.8
137	-0.493031	27.961463	15.512511	0.003198	0.8
138	-0.519255	27.531539	15.649931	0.007982	0.8
139	-0.513749	27.150326	15.773834	0.005365	0.8
140	-0.517271	26.720022	15.916071	0.008820	0.8
141	-0.538574	27.720022	15.589387	0.004377	0.8
142	-0.515045	27.295657	15.726368	0.005581	0.8
143	-0.538850	26.865631	15.867654	0.005948	0.8
144	-0.507243	26.851836	15.872228	0.004054	0.8
145	-0.507739	27.843286	15.550044	0.003591	0.8
146	-0.533663	28.842527	15.238298	0.004226	0.8
147	-0.519215	29.004655	15.188891	0.004427	0.8
148	-0.511919	30.004238	14.891219	0.004896	0.8
149	-0.527571	30.967627	14.615161	0.004204	0.8
150	-0.524988	31.933137	14.348578	0.003241	0.8
151	-0.550952	32.914972	14.087279	0.005910	0.8
152	-0.527805	32.761432	14.127512	0.004907	0.8
153	-0.513893	33.083813	14.043301	0.004598	0.9
154	-0.497692	32.659717	14.154291	0.007444	0.7
155	-0.547353	33.659717	13.895338	0.004885	0.7
156	-0.523150	34.659717	13.645690	0.005821	0.7
157	-0.507592	35.523666	13.437119	0.005000	0.8
158	-0.538058	36.523565	13.203550	0.004609	0.8
159	-0.515089	36.093273	13.303060	0.004950	0.8
160	-0.530381	35.662974	13.404084	0.005075	0.8
161	-0.513770	36.662972	13.171629	0.005212	0.8
162	-0.517852	37.549912	12.972099	0.005444	0.7
163	-0.500893	37.237161	13.041763	0.004319	0.7
164	-0.526981	36.809001	13.138356	0.006754	0.8
165	-0.532016	37.800800	12.916750	0.007486	0.8
166	-0.514942	38.800800	12.700754	0.006639	0.8
167	-0.539897	39.800800	12.491863	0.002613	0.8
168	-0.512683	40.800796	12.289733	0.008039	0.7
169	-0.464206	41.619702	12.129014	0.003867	0.8
170	-0.534427	42.619702	11.938366	0.002620	0.8
171	-0.525225	42.216887	12.014436	0.003864	0.8
172	-0.515863	41.894097	12.076098	0.006376	0.8
173	-0.535055	41.468084	12.158453	0.002117	0.7
174	-0.519991	42.293843	11.999829	0.004559	0.7
175	-0.511305	42.028310	12.050383	0.005149	0.8
176	-0.527727	41.598044	12.133211	0.003110	0.7
177	-0.536282	42.593442	11.943295	0.004016	0.8
178	-0.515262	42.163250	12.024639	0.005701	0.7
179	-0.528006	41.736095	12.106512	0.003796	0.8
180	-0.489052	42.028260	12.050392	0.003143	0.8
181	-0.513199	42.831902	11.898678	0.004738	0.8
182	-0.509684	42.402946	11.979179	0.004720	0.9
183	-0.512033	43.168401	11.836281	0.006291	0.8
184	-0.534511	42.738097	11.916190	0.005675	0.8
185	-0.498846	42.532376	11.954775	0.003091	0.8
186	-0.539800	42.727239	11.918220	0.006365	0.8
187	-0.501244	43.688976	11.741031	0.004862	0.8
188	-0.513817	43.258671	11.819654	0.002884	0.8
189	-0.527333	43.007558	11.866025	0.006756	0.7
190	-0.490608	42.577335	11.946321	0.003325	0.8
191	-0.521748	42.147031	12.027727	0.004949	0.8
192	-0.508756	42.099718	12.036746	0.003916	0.7
193	-0.503984	41.670052	12.119270	0.004634	0.8
194	-0.518443	42.540329	11.953279	0.007238	0.8
195	-0.513981	43.540325	11.768073	0.004422	0.8
196	-0.520109	44.540228	11.588535	0.005004	0.8
197	-0.523931	45.421450	11.434789	0.005691	0.8
198	-0.504066	45.001663	11.507517	0.002557	0.7
199	-0.534011	45.865540	11.358844	0.006941	0.9
200	-0.547961	45.838305	11.363473	0.006199	0.8
201	-0.518386	46.204343	11.301580	0.002010	0.8
202	-0.525002	45.774354	11.374356	0.003283	0.7
203	-0.500738	45.950902	11.344362	0.003360	0.8
204	-0.495092	45.520868	11.417699	0.004663	0.7
205	-0.534669	45.091118	11.491941	0.005448	0.8
206	-0.519152	45.817668	11.366982	0.003874	0.7
207	-0.520985	45.985813	11.338449	0.004746	0.8
208	-0.524309	46.985445	11.171733	0.005422	0.7
209	-0.534319	47.985426	11.009793	0.005457	0.8
210	-0.527938	47.556155	11.078732	0.005794	0.7
211	-0.530818	48.556155	10.919454	0.004889	0.8
212	-0.525632	49.494157	10.774159	0.003550	0.7
213	-0.521790	50.446698	10.630516	0.005762	0.8
214	-0.534475	50.016421	10.694924	0.005095	0.7
215	-0.519680	49.586128	10.760121	0.005254	0.7
216	-0.517114	49.995139	10.698131	0.004334	0.8
217	-0.526117	49.880641	10.715412	0.005371	0.7
218	-0.546358	49.491381	10.774583	0.005756	0.8
219	-0.519946	49.061077	10.840759	0.006662	0.7
220	-0.516787	48.902079	10.865417	0.004041	0.8
221	-0.507328	49.901692	10.712230	0.003628	0.9
222	-0.516826	50.900655	10.563398	0.002816	0.8
223	-0.507927	50.679214	10.596032	0.004530	0.8
224	-0.497371	50.339458	10.646496	0.007515	0.8
225	-0.544343	49.909160	10.711102	0.005545	0.8
226	-0.511446	50.909160	10.562149	0.003068	0.7
227	-0.527249	50.478893	10.625728	0.006602	0.7
228	-0.539249	51.135651	10.528986	0.005444	0.8
229	-0.511755	50.705347	10.592171	0.007410	0.8
230	-0.515037	51.705347	10.446484	0.004338	0.8
231	-0.529551	52.152946	10.382566	0.006149	0.7
232	-0.502975	52.206581	10.374959	0.004068	0.8
233	-0.535886	51.776277	10.436303	0.003786	0.8
234	-0.514206	51.580875	10.464399	0.005935	0.7
235	-0.511002	52.370494	10.351781	0.006971	0.7
236	-0.501475	53.368064	10.212922	0.005291	0.7
237	-0.500149	52.937760	10.272360	0.004685	0.8
238	-0.512602	53.806437	10.153074	0.005964	0.7
239	-0.494981	53.376322	10.211788	0.004480	0.8
240	-0.529033	53.019043	10.261079	0.003632	0.8
241	-0.539761	52.622425	10.316357	0.002980	0.8
242	-0.512588	52.193493	10.376814	0.002618	0.8
243	-0.511349	51.841272	10.426991	0.005930	0.8
244	-0.527732	51.411146	10.488927	0.004451	0.8
245	-0.547115	50.981732	10.551500	0.007448	0.7
246	-0.497423	51.981732	10.406923	0.004157	0.7
247	-0.543507	52.948392	10.270883	0.004505	0.9
248	-0.544407	52.607705	10.318421	0.004540	0.8
249	-0.545038	52.263193	10.366942	0.002374	0.9
250	-0.530581	53.260834	10.227669	0.005226	0.8
251	-0.504063	53.246965	10.229580	0.004407	0.8
252	-0.510542	54.246965	10.093633	0.004730	0.8
253	-0.504998	55.230836	9.963360	0.002457	0.8
254	-0.532465	54.889740	10.008142	0.005352	0.7
255	-0.522741	55.880557	9.879159	0.003703	0.7
Time spent in resolution 1 (ITK initialization and iterating): 0.258 s.
Stopping condition: Maximum number of iterations has been reached.
Settings of AdaptiveStochasticGradientDescent in resolution 1:
( SP_a 759.515257 )
( SP_A 20.000000 )
( SP_alpha 1.000000 )
( SigmoidMax 1.000000 )
( SigmoidMin -0.430304 )
( SigmoidScale 0.000001 )


Resolution: 2
WARNING: The parameter "ShowExactMetricValue", requested at entry number 2, does not exist at all.
  The default value "false" is used instead.
WARNING: The parameter "UseMultiThreadingForMetrics", requested at entry number 2, does not exist at all.
  The default value "true" is used instead.
Setting the fixed masks took: 0 ms.
Setting the moving masks took: 0 ms.
WARNING: The parameter "FixedImageBSplineInterpolationOrder", requested at entry number 2, does not exist at all.
  The default value "1" is used instead.
WARNING: The parameter "UseRandomSampleRegion", requested at entry number 2, does not exist at all.
  The default value "false" is used instead.
WARNING: The parameter "NumberOfHistogramBins", requested at entry number 2, does not exist at all.
  The default value "32" is used instead.
WARNING: The parameter "NumberOfFixedHistogramBins", requested at entry number 2, does not exist at all.
  The default value "32" is used instead.
WARNING: The parameter "NumberOfMovingHistogramBins", requested at entry number 2, does not exist at all.
  The default value "32" is used instead.
WARNING: The parameter "FixedLimitRangeRatio", requested at entry number 2, does not exist at all.
  The default value "0.01" is used instead.
WARNING: The parameter "MovingLimitRangeRatio", requested at entry number 2, does not exist at all.
  The default value "0.01" is used instead.
WARNING: The parameter "FixedKernelBSplineOrder", requested at entry number 2, does not exist at all.
  The default value "0" is used instead.
WARNING: The parameter "MovingKernelBSplineOrder", requested at entry number 2, does not exist at all.
  The default value "3" is used instead.
WARNING: The parameter "UseFastAndLowMemoryVersion", requested at entry number 2, does not exist at all.
  The default value "true" is used instead.
WARNING: The parameter "UseJacobianPreconditioning", requested at entry number 2, does not exist at all.
  The default value "false" is used instead.
WARNING: The parameter "FiniteDifferenceDerivative", requested at entry number 2, does not exist at all.
  The default value "false" is used instead.
WARNING: The parameter "SP_A", requested at entry number 2, does not exist at all.
  The default value "20" is used instead.

WARNING: You have set MaximumNumberOfSamplingAttempts to 8.
  This functionality is known to cause problems (stack overflow) for large values.
  If elastix stops or segfaults for no obvious reason, reduce this value.
  You may select the RandomSparseMask image sampler to fix mask-related problems.

WARNING: The parameter "SigmoidInitialTime", requested at entry number 2, does not exist at all.
  The default value "0" is used instead.
WARNING: The parameter "MaxBandCovSize", requested at entry number 2, does not exist at all.
  The default value "192" is used instead.
WARNING: The parameter "NumberOfBandStructureSamples", requested at entry number 2, does not exist at all.
  The default value "10" is used instead.
WARNING: The parameter "UseAdaptiveStepSizes", requested at entry number 2, does not exist at all.
  The default value "true" is used instead.
WARNING: The parameter "UseConstantStep", requested at entry number 2, does not exist at all.
  The default value "false" is used instead.
WARNING: The parameter "MaximumStepLengthRatio", requested at entry number 2, does not exist at all.
  The default value "1" is used instead.
WARNING: The parameter "MaximumStepLength", requested at entry number 2, does not exist at all.
  The default value "1" is used instead.
WARNING: The parameter "NumberOfGradientMeasurements", requested at entry number 2, does not exist at all.
  The default value "0" is used instead.
WARNING: The parameter "NumberOfJacobianMeasurements", requested at entry number 2, does not exist at all.
  The default value "1000" is used instead.
WARNING: The parameter "SigmoidScaleFactor", requested at entry number 2, does not exist at all.
  The default value "0.1" is used instead.
Elastix initialization of all components (for this resolution) took: 0 ms.
  Computing the fixed image extrema took 0 ms.
  Computing the moving image extrema took 0 ms.
Initialization of AdvancedMattesMutualInformation metric took: 0 ms.
Starting automatic parameter estimation for AdaptiveStochasticGradientDescent ...
WARNING: The parameter "ASGDParameterEstimationMethod", requested at entry number 0, does not exist at all.
  The default value "Original" is used instead.
  Computing JacobianTerms ...
  Computing the Jacobian terms took 0.000676s
  NumberOfGradientMeasurements to estimate sigma_i: 6
  Sampling gradients ...
  Sampling the gradients took 0.010600s
Automatic parameter estimation took 0.01s
1:ItNr	2:Metric	3a:Time	3b:StepSize	4:||Gradient||	Time[ms]
0	-0.473033	0.000000	26.356103	0.006097	13.2
1	-0.483632	0.000000	26.356103	0.006979	0.8
2	-0.465989	0.000000	26.356103	0.002945	0.9
3	-0.449359	0.037967	26.308539	0.004332	0.8
4	-0.478094	0.000000	26.356103	0.002187	0.7
5	-0.479678	0.885271	25.289985	0.004249	0.8
6	-0.454343	1.151109	24.986476	0.005985	0.8
7	-0.516806	1.676674	24.407379	0.006175	0.8
8	-0.468190	1.072986	25.074911	0.002632	0.8
9	-0.441172	1.101495	25.042567	0.006511	0.8
10	-0.472353	0.761625	25.433678	0.004394	0.8
11	-0.487230	0.154279	26.163887	0.004719	0.8
12	-0.465476	1.153872	24.983360	0.005465	0.7
13	-0.464253	0.837311	25.345527	0.005295	0.7
14	-0.483912	0.266054	26.026369	0.005127	0.8
15	-0.498635	1.266040	24.857504	0.002130	0.7
16	-0.480486	1.257800	24.866705	0.006076	0.8
17	-0.501997	0.833833	25.349564	0.005399	0.7
18	-0.492667	0.233170	26.066676	0.003430	0.8
19	-0.472847	0.000000	26.356103	0.006894	0.8
20	-0.481587	0.246134	26.050771	0.004908	0.8
21	-0.441552	0.000000	26.356103	0.004857	0.8
22	-0.497956	0.000000	26.356103	0.005018	0.8
23	-0.476882	0.000000	26.356103	0.004513	0.7
24	-0.477935	0.000000	26.356103	0.005179	0.8
25	-0.503889	0.995447	25.163306	0.005096	0.7
26	-0.480554	1.995340	24.069145	0.005090	0.8
27	-0.488350	2.988072	23.073057	0.009250	0.9
28	-0.456505	3.925855	22.204982	0.006811	0.8
29	-0.455157	4.925236	21.349012	0.004681	0.7
30	-0.462840	5.877723	20.592450	0.003133	0.8
31	-0.460355	5.395983	20.968272	0.005269	0.8
32	-0.473126	4.788371	21.462316	0.004042	0.7
33	-0.465194	4.184826	21.976652	0.005657	0.8
34	-0.495941	4.571543	21.644301	0.006547	0.8
35	-0.480927	5.571535	20.829740	0.009037	0.8
36	-0.484083	6.565024	20.079002	0.007068	0.8
37	-0.496544	5.956965	20.531917	0.004698	0.8
38	-0.479593	5.448321	20.926779	0.007356	0.8
39	-0.478889	6.443456	20.167947	0.007034	0.7
40	-0.473424	5.837127	20.623600	0.007395	0.8
41	-0.484840	5.320596	21.028329	0.004090	0.8
42	-0.453765	6.318985	20.259836	0.005084	0.8
43	-0.471045	5.718151	20.715437	0.003315	0.7
44	-0.461599	6.647287	20.019258	0.009113	0.8
45	-0.468634	6.282713	20.286772	0.007145	0.7
46	-0.473307	7.282713	19.569487	0.006724	0.8
47	-0.481787	6.674656	19.999460	0.003413	0.7
48	-0.496413	7.659265	19.312365	0.004927	0.8
49	-0.455911	8.495926	18.764563	0.009554	0.8
50	-0.507254	9.495924	18.149250	0.008456	0.7
51	-0.457765	8.991298	18.454625	0.007075	0.8
52	-0.474932	8.383301	18.836487	0.006730	0.8
53	-0.473562	7.775274	19.234506	0.005493	0.8
54	-0.466477	7.557719	19.381035	0.003573	0.8
55	-0.489891	7.679390	19.298812	0.008261	0.8
56	-0.473836	7.090390	19.703470	0.005950	0.8
57	-0.488823	8.085328	19.029463	0.006606	0.8
58	-0.460888	7.511244	19.412627	0.008331	0.7
59	-0.485430	6.903186	19.835662	0.005781	0.7
60	-0.458483	7.814950	19.208021	0.005540	0.8
61	-0.478760	8.800352	18.572874	0.007919	0.7
62	-0.480108	8.192301	18.959731	0.004020	0.7
63	-0.454886	9.191375	18.332327	0.003518	0.8
64	-0.480690	9.736409	18.007249	0.004223	0.7
65	-0.456035	9.168804	18.346042	0.003149	0.8
66	-0.478790	10.075127	17.810970	0.005812	0.9
67	-0.464151	9.590318	18.093246	0.007241	0.8
68	-0.448724	10.589273	17.521080	0.005459	0.8
69	-0.452377	9.981548	17.864768	0.003378	0.7
70	-0.460289	9.406599	18.202567	0.005024	0.8
71	-0.465125	9.894682	17.914998	0.003531	0.8
72	-0.462972	10.124966	17.782450	0.006294	0.8
73	-0.466427	9.744666	18.002413	0.004050	0.8
74	-0.454087	9.267901	18.285978	0.005964	0.7
75	-0.477051	10.267775	17.701233	0.005832	0.8
76	-0.493961	9.899094	17.912440	0.004198	0.8
77	-0.456570	10.748117	17.433417	0.005964	0.7
78	-0.490576	10.703436	17.457987	0.006119	0.7
79	-0.490364	10.143877	17.771653	0.003092	0.7
80	-0.472849	9.905430	17.908768	0.005008	0.7
81	-0.487913	10.865154	17.369386	0.007645	0.8
82	-0.457407	11.850677	16.848303	0.007611	0.8
83	-0.494685	12.850677	16.350579	0.006828	0.8
84	-0.468018	12.521167	16.511304	0.003178	0.8
85	-0.450189	11.913638	16.816074	0.008238	0.9
86	-0.466421	11.924509	16.810522	0.005680	0.8
87	-0.459479	11.316460	17.126819	0.006876	0.7
88	-0.446672	11.818548	16.864798	0.006128	0.7
89	-0.488777	12.818548	16.366113	0.004498	0.8
90	-0.505000	12.210542	16.665737	0.007041	0.7
91	-0.464346	13.190747	16.187952	0.007023	0.7
92	-0.471323	14.190586	15.728018	0.006120	0.8
93	-0.483684	13.641448	15.977339	0.004485	0.8
94	-0.484812	13.114391	16.224184	0.006277	0.8
95	-0.476699	14.114382	15.762150	0.008439	0.8
96	-0.473639	13.506510	16.039819	0.005750	0.8
97	-0.452309	14.506439	15.588107	0.006226	0.8
98	-0.493887	13.902884	15.857663	0.002905	0.7
99	-0.482139	14.032093	15.799175	0.006799	0.8
100	-0.466114	15.029810	15.361673	0.003324	0.7
101	-0.471422	16.029156	14.947091	0.004207	0.8
102	-0.487478	15.583832	15.129037	0.004903	0.8
103	-0.464110	15.871302	15.011083	0.002374	0.8
104	-0.453389	16.174988	14.888456	0.004077	0.8
105	-0.463172	15.892952	15.002274	0.004486	1.0
106	-0.486590	16.428108	14.787768	0.005289	0.8
107	-0.459218	15.824263	15.030258	0.003475	1.0
108	-0.469331	16.821943	14.633785	0.005492	0.9
109	-0.482222	17.779019	14.272619	0.003956	0.8
110	-0.490206	17.192351	14.491859	0.005426	0.8
111	-0.489157	16.590691	14.723809	0.008238	0.8
112	-0.490027	15.982633	14.965894	0.006563	0.8
113	-0.470055	16.982633	14.571875	0.005108	0.8
114	-0.458536	17.981937	14.198324	0.005061	0.8
115	-0.482048	18.972391	13.846511	0.005690	0.8
116	-0.490739	18.364348	14.060392	0.006780	0.8
117	-0.474590	17.756289	14.280990	0.005512	0.7
118	-0.467764	18.395076	14.049425	0.008088	0.8
119	-0.457819	18.166516	14.131412	0.005935	0.8
120	-0.461593	17.558458	14.354261	0.004313	0.7
121	-0.473948	17.151126	14.507519	0.008514	0.7
122	-0.481191	17.175470	14.498267	0.006161	0.7
123	-0.475681	18.175470	14.128182	0.004018	0.8
124	-0.461355	18.631283	13.965689	0.006364	0.7
125	-0.487998	18.023372	14.183248	0.003599	0.7
126	-0.430849	18.559657	13.990975	0.006085	0.8
127	-0.484809	18.353669	14.064208	0.004465	0.8
128	-0.501444	18.013877	14.186700	0.008134	0.8
129	-0.502023	18.991823	13.839783	0.004627	0.8
130	-0.481854	19.991763	13.502180	0.006954	0.8
131	-0.480918	20.981748	13.183781	0.004814	0.7
132	-0.463399	21.971906	12.880001	0.005083	0.7
133	-0.488593	22.176082	12.819092	0.006025	0.8
134	-0.460422	23.057707	12.562573	0.007524	0.7
135	-0.477461	24.057707	12.283762	0.006095	0.8
136	-0.474088	25.043856	12.020674	0.005839	0.8
137	-0.459398	26.042432	11.765509	0.004924	0.8
138	-0.471053	26.473499	11.658676	0.009368	0.7
139	-0.490964	26.806905	11.577369	0.004008	0.9
140	-0.480955	27.693376	11.366601	0.006770	0.8
141	-0.452518	28.689438	11.138749	0.005499	0.8
142	-0.476036	29.684470	10.920074	0.004519	0.8
143	-0.469286	29.614249	10.935224	0.005713	0.8
144	-0.521564	30.204102	10.809254	0.004273	0.8
145	-0.487188	30.983293	10.647232	0.005861	0.8
146	-0.475520	31.178597	10.607379	0.007944	0.8
147	-0.453950	32.178591	10.407913	0.005473	0.8
148	-0.483780	33.175068	10.216474	0.004079	0.8
149	-0.451057	33.435823	10.167536	0.004112	0.7
150	-0.477215	32.834363	10.281132	0.003573	0.8
151	-0.455854	32.850552	10.278041	0.004923	0.8
152	-0.500434	33.847158	10.091282	0.003928	0.8
153	-0.467405	33.241186	10.204020	0.005141	0.8
154	-0.492517	34.234852	10.020452	0.004508	0.7
155	-0.475840	34.576751	9.958808	0.005103	0.8
156	-0.482535	34.382853	9.993674	0.009358	0.8
157	-0.473005	33.774794	10.104614	0.006236	0.8
158	-0.455301	34.774761	9.923452	0.007342	0.7
159	-0.489463	35.752286	9.752526	0.004953	0.7
160	-0.480487	36.752264	9.583662	0.005595	0.7
161	-0.502502	37.629300	9.440300	0.006828	0.7
162	-0.478805	37.049978	9.534511	0.003670	0.7
163	-0.461168	36.477994	9.629393	0.005977	0.7
164	-0.477300	35.901763	9.726907	0.004689	0.8
165	-0.466778	35.625738	9.774321	0.006157	0.7
166	-0.473290	36.625665	9.604716	0.007178	0.9
167	-0.468695	37.620224	9.441761	0.001962	0.7
168	-0.477724	37.228314	9.505310	0.003587	0.8
169	-0.477328	37.131766	9.521097	0.010372	0.8
170	-0.480398	38.094338	9.366010	0.004879	0.8
171	-0.488766	39.094338	9.210155	0.008938	0.7
172	-0.458935	40.092004	9.059748	0.005228	0.8
173	-0.469329	39.483946	9.150828	0.006185	0.8
174	-0.464252	39.099322	9.209391	0.007600	0.8
175	-0.496050	40.099212	9.058679	0.003434	0.7
176	-0.465193	39.663215	9.123786	0.004163	0.8
177	-0.454660	40.567190	8.989823	0.012328	0.7
178	-0.464629	39.959959	9.079372	0.010215	0.8
179	-0.475789	39.351900	9.170849	0.006432	0.8
180	-0.476397	38.743842	9.264188	0.005525	0.8
181	-0.489875	39.731463	9.113533	0.002944	0.7
182	-0.454855	40.440098	9.008419	0.005630	0.8
183	-0.496629	39.832674	9.098370	0.007658	0.8
184	-0.452132	40.604546	8.984372	0.007602	0.7
185	-0.474808	39.996487	9.073935	0.004231	0.8
186	-0.482325	39.628794	9.128965	0.003038	0.7
187	-0.465082	40.242500	9.037485	0.005890	0.7
188	-0.461604	39.775510	9.106928	0.005804	0.7
189	-0.466959	40.048897	9.066145	0.005878	0.8
190	-0.469624	40.084574	9.060850	0.007086	0.8
191	-0.486276	41.020441	8.924125	0.006076	0.8
192	-0.488859	40.412383	9.012485	0.006092	0.8
193	-0.457951	39.804326	9.102612	0.006547	0.8
194	-0.462723	39.196268	9.194560	0.005490	0.8
195	-0.464606	38.626853	9.282364	0.014899	0.7
196	-0.479501	38.162876	9.355160	0.002502	0.8
197	-0.463214	39.084534	9.211658	0.003572	0.7
198	-0.469220	39.744444	9.111585	0.003696	0.7
199	-0.466965	40.234697	9.038637	0.004416	0.8
200	-0.490652	40.198899	9.043924	0.003883	0.8
201	-0.472903	40.997952	8.927362	0.005006	0.8
202	-0.459247	40.400165	9.014278	0.006113	0.8
203	-0.503255	39.792117	9.104440	0.006644	0.7
204	-0.474031	40.792116	8.957100	0.010253	0.8
205	-0.482680	41.792116	8.814453	0.007516	0.7
206	-0.453181	42.792103	8.676280	0.005519	0.8
207	-0.479153	43.792102	8.542371	0.003728	0.7
208	-0.467241	43.184251	8.623271	0.004084	0.7
209	-0.479516	42.912829	8.659892	0.004815	0.7
210	-0.487118	42.306161	8.742880	0.007085	0.8
211	-0.477860	43.281561	8.610217	0.006086	0.7
212	-0.478386	42.673514	8.692439	0.004939	0.7
213	-0.481083	43.669917	8.558510	0.002480	0.8
214	-0.497232	44.597399	8.437502	0.005264	0.8
215	-0.467229	44.306989	8.475022	0.007060	0.7
216	-0.463763	43.699152	8.554643	0.006828	0.8
217	-0.466982	43.091095	8.635805	0.007070	0.7
218	-0.477672	44.091091	8.503132	0.004667	0.7
219	-0.477254	45.089521	8.374674	0.004124	0.7
220	-0.479618	46.087078	8.250146	0.007343	0.8
221	-0.466436	45.488613	8.324405	0.007302	0.8
222	-0.473348	45.894063	8.273950	0.005101	0.8
223	-0.475260	45.286005	8.349850	0.005248	0.8
224	-0.463353	46.284052	8.225993	0.006441	0.7
225	-0.491819	47.282801	8.105675	0.006683	0.8
226	-0.510167	46.675578	8.178403	0.010211	0.8
227	-0.455255	46.067899	8.252505	0.006055	0.8
228	-0.488672	45.459843	8.328009	0.008667	0.9
229	-0.467693	44.852687	8.404792	0.005086	0.8
230	-0.460281	44.244629	8.483122	0.003135	0.8
231	-0.488617	45.208059	8.359680	0.006635	0.9
232	-0.498253	44.825055	8.408321	0.004846	0.8
233	-0.493233	44.217002	8.486716	0.007965	0.8
234	-0.469929	43.609496	8.566514	0.007623	0.9
235	-0.468053	44.104186	8.501422	0.006020	0.8
236	-0.457121	43.674154	8.557950	0.007762	0.8
237	-0.456515	44.674067	8.427652	0.007942	0.8
238	-0.505315	44.215523	8.486908	0.004749	0.9
239	-0.476806	43.610200	8.566421	0.005698	0.8
240	-0.469713	43.650542	8.561075	0.002492	0.8
241	-0.479228	43.081902	8.637043	0.004145	0.8
242	-0.466565	43.332433	8.603408	0.004867	0.8
243	-0.475183	42.746488	8.682489	0.004610	0.8
244	-0.479871	42.247256	8.751023	0.005367	0.9
245	-0.460580	43.084437	8.636702	0.006978	0.8
246	-0.491657	42.476388	8.719434	0.008102	0.9
247	-0.464511	43.455358	8.587000	0.003760	0.9
248	-0.453320	44.381430	8.465373	0.003409	0.9
249	-0.471443	43.853371	8.534301	0.003244	0.8
250	-0.488571	43.460727	8.586285	0.005303	0.8
251	-0.477727	42.936524	8.656682	0.006148	0.9
252	-0.463225	43.101982	8.634338	0.008384	0.8
253	-0.502546	43.028642	8.644228	0.005546	0.9
254	-0.492684	42.420583	8.727106	0.007134	0.8
255	-0.477591	43.415115	8.592365	0.006253	0.8
Time spent in resolution 2 (ITK initialization and iterating): 0.228 s.
Stopping condition: Maximum number of iterations has been reached.
Settings of AdaptiveStochasticGradientDescent in resolution 2:
( SP_a 553.478166 )
( SP_A 20.000000 )
( SP_alpha 1.000000 )
( SigmoidMax 1.000000 )
( SigmoidMin -0.608059 )
( SigmoidScale 0.000002 )


Resolution: 3
WARNING: The parameter "ShowExactMetricValue", requested at entry number 3, does not exist at all.
  The default value "false" is used instead.
WARNING: The parameter "UseMultiThreadingForMetrics", requested at entry number 3, does not exist at all.
  The default value "true" is used instead.
Setting the fixed masks took: 0 ms.
Setting the moving masks took: 0 ms.
WARNING: The parameter "FixedImageBSplineInterpolationOrder", requested at entry number 3, does not exist at all.
  The default value "1" is used instead.
WARNING: The parameter "UseRandomSampleRegion", requested at entry number 3, does not exist at all.
  The default value "false" is used instead.
WARNING: The parameter "NumberOfHistogramBins", requested at entry number 3, does not exist at all.
  The default value "32" is used instead.
WARNING: The parameter "NumberOfFixedHistogramBins", requested at entry number 3, does not exist at all.
  The default value "32" is used instead.
WARNING: The parameter "NumberOfMovingHistogramBins", requested at entry number 3, does not exist at all.
  The default value "32" is used instead.
WARNING: The parameter "FixedLimitRangeRatio", requested at entry number 3, does not exist at all.
  The default value "0.01" is used instead.
WARNING: The parameter "MovingLimitRangeRatio", requested at entry number 3, does not exist at all.
  The default value "0.01" is used instead.
WARNING: The parameter "FixedKernelBSplineOrder", requested at entry number 3, does not exist at all.
  The default value "0" is used instead.
WARNING: The parameter "MovingKernelBSplineOrder", requested at entry number 3, does not exist at all.
  The default value "3" is used instead.
WARNING: The parameter "UseFastAndLowMemoryVersion", requested at entry number 3, does not exist at all.
  The default value "true" is used instead.
WARNING: The parameter "UseJacobianPreconditioning", requested at entry number 3, does not exist at all.
  The default value "false" is used instead.
WARNING: The parameter "FiniteDifferenceDerivative", requested at entry number 3, does not exist at all.
  The default value "false" is used instead.
WARNING: The parameter "SP_A", requested at entry number 3, does not exist at all.
  The default value "20" is used instead.

WARNING: You have set MaximumNumberOfSamplingAttempts to 8.
  This functionality is known to cause problems (stack overflow) for large values.
  If elastix stops or segfaults for no obvious reason, reduce this value.
  You may select the RandomSparseMask image sampler to fix mask-related problems.

WARNING: The parameter "SigmoidInitialTime", requested at entry number 3, does not exist at all.
  The default value "0" is used instead.
WARNING: The parameter "MaxBandCovSize", requested at entry number 3, does not exist at all.
  The default value "192" is used instead.
WARNING: The parameter "NumberOfBandStructureSamples", requested at entry number 3, does not exist at all.
  The default value "10" is used instead.
WARNING: The parameter "UseAdaptiveStepSizes", requested at entry number 3, does not exist at all.
  The default value "true" is used instead.
WARNING: The parameter "UseConstantStep", requested at entry number 3, does not exist at all.
  The default value "false" is used instead.
WARNING: The parameter "MaximumStepLengthRatio", requested at entry number 3, does not exist at all.
  The default value "1" is used instead.
WARNING: The parameter "MaximumStepLength", requested at entry number 3, does not exist at all.
  The default value "1" is used instead.
WARNING: The parameter "NumberOfGradientMeasurements", requested at entry number 3, does not exist at all.
  The default value "0" is used instead.
WARNING: The parameter "NumberOfJacobianMeasurements", requested at entry number 3, does not exist at all.
  The default value "1000" is used instead.
WARNING: The parameter "SigmoidScaleFactor", requested at entry number 3, does not exist at all.
  The default value "0.1" is used instead.
Elastix initialization of all components (for this resolution) took: 0 ms.
  Computing the fixed image extrema took 0 ms.
  Computing the moving image extrema took 0 ms.
Initialization of AdvancedMattesMutualInformation metric took: 0 ms.
Starting automatic parameter estimation for AdaptiveStochasticGradientDescent ...
WARNING: The parameter "ASGDParameterEstimationMethod", requested at entry number 0, does not exist at all.
  The default value "Original" is used instead.
  Computing JacobianTerms ...
  Computing the Jacobian terms took 0.001451s
  NumberOfGradientMeasurements to estimate sigma_i: 6
  Sampling gradients ...
  Sampling the gradients took 0.011394s
Automatic parameter estimation took 0.01s
1:ItNr	2:Metric	3a:Time	3b:StepSize	4:||Gradient||	Time[ms]
0	-0.457194	0.000000	3.469898	0.018636	14.9
1	-0.428039	0.000000	3.469898	0.019479	0.9
2	-0.446969	0.310556	3.419332	0.021679	0.9
3	-0.444472	1.199977	3.282340	0.018293	0.9
4	-0.460478	1.712592	3.208258	0.015357	0.9
5	-0.472890	2.380188	3.116650	0.015008	0.9
6	-0.420278	2.954979	3.041867	0.030282	0.9
7	-0.416947	3.871836	2.929734	0.008497	0.9
8	-0.451196	4.534982	2.853648	0.018518	0.8
9	-0.428453	4.217291	2.889599	0.015550	0.9
10	-0.448794	4.166479	2.895433	0.008689	0.9
11	-0.429455	3.846999	2.932662	0.015944	0.9
12	-0.435107	3.932144	2.922647	0.006711	0.8
13	-0.460336	3.952180	2.920300	0.025376	0.9
14	-0.418230	3.606403	2.961337	0.006003	0.9
15	-0.416505	3.787634	2.939686	0.011315	0.9
16	-0.459047	3.915799	2.924565	0.025218	0.9
17	-0.447004	3.543653	2.968909	0.010299	0.8
18	-0.449831	3.166710	3.015217	0.010409	0.8
19	-0.448890	3.413071	2.984789	0.018315	0.9
20	-0.448856	3.202771	3.010724	0.020275	1.0
21	-0.430949	2.784701	3.063644	0.010581	0.9
22	-0.469428	2.711942	3.073045	0.011895	0.8
23	-0.444975	2.618085	3.085257	0.017614	0.8
24	-0.416478	3.094345	3.024272	0.034875	0.8
25	-0.430975	4.068413	2.906760	0.015322	0.9
26	-0.441947	5.038305	2.798487	0.010191	0.8
27	-0.433168	5.141642	2.787425	0.015209	0.8
28	-0.447562	5.456106	2.754293	0.006194	0.8
29	-0.456971	5.502639	2.749457	0.015661	0.8
30	-0.431178	5.483073	2.751488	0.034302	0.7
31	-0.443249	4.931739	2.809987	0.016963	0.8
32	-0.424797	5.709194	2.728194	0.029645	0.7
33	-0.440394	5.201144	2.781095	0.020770	0.8
34	-0.442456	4.630261	2.843040	0.012585	0.8
35	-0.443225	4.292665	2.880988	0.011717	0.7
36	-0.425251	4.278042	2.882655	0.013767	0.7
37	-0.441045	4.273784	2.883140	0.019545	0.7
38	-0.432556	3.958611	2.919548	0.010147	0.7
39	-0.444589	4.400282	2.868782	0.012765	0.8
40	-0.431076	4.462972	2.861719	0.009606	0.8
41	-0.437032	4.623014	2.843844	0.029475	0.8
42	-0.421969	4.255716	2.885203	0.015789	0.7
43	-0.457041	4.993579	2.803302	0.019261	0.8
44	-0.441173	5.161091	2.785353	0.024105	0.7
45	-0.453151	4.635342	2.842477	0.011639	0.7
46	-0.451257	4.181572	2.893698	0.026692	0.7
47	-0.436416	4.845014	2.819417	0.014215	0.8
48	-0.460021	4.304507	2.879640	0.023966	0.8
49	-0.432263	5.131904	2.788464	0.009768	0.8
50	-0.447846	5.330094	2.767474	0.023795	0.8
51	-0.474345	5.580139	2.741440	0.016908	0.8
52	-0.418521	5.646182	2.734645	0.010340	0.7
53	-0.442387	5.502170	2.749506	0.011210	0.7
54	-0.408783	5.874122	2.711451	0.007747	0.7
55	-0.429627	5.888822	2.709969	0.015505	0.7
56	-0.441913	6.054150	2.693408	0.022261	0.8
57	-0.433892	6.839541	2.617423	0.008404	0.8
58	-0.439765	6.711438	2.629523	0.032201	0.9
59	-0.447333	7.367941	2.568669	0.009884	0.8
60	-0.417117	8.026618	2.510381	0.012990	0.8
61	-0.425789	8.237373	2.492285	0.025505	0.8
62	-0.442140	7.951613	2.516884	0.011553	0.8
63	-0.440485	8.127160	2.501715	0.006810	0.9
64	-0.454871	8.285405	2.488197	0.031847	0.8
65	-0.441802	8.683948	2.454790	0.018571	0.8
66	-0.446617	9.275131	2.406855	0.026598	0.8
67	-0.455050	10.208433	2.334877	0.014839	0.8
68	-0.408819	9.824301	2.363975	0.014341	0.8
69	-0.447707	10.376743	2.322353	0.029466	0.8
70	-0.425131	9.837165	2.362988	0.022628	0.9
71	-0.433130	9.266324	2.407556	0.011542	0.8
72	-0.421747	9.985147	2.351703	0.009358	0.8
73	-0.446785	10.003388	2.350319	0.011215	0.7
74	-0.432111	10.197295	2.335711	0.015653	0.8
75	-0.439916	9.869690	2.360499	0.032017	0.8
76	-0.465988	10.743120	2.295548	0.015817	0.7
77	-0.419342	11.414091	2.248030	0.011428	0.7
78	-0.447753	11.118744	2.268702	0.012820	0.8
79	-0.443492	11.131700	2.267787	0.031190	0.7
80	-0.445467	11.215669	2.261876	0.006786	0.8
81	-0.443650	11.185538	2.263994	0.024113	0.7
82	-0.428914	11.063467	2.272613	0.025042	0.8
83	-0.426723	10.544836	2.309978	0.011343	0.7
84	-0.463825	10.061483	2.345923	0.012789	0.7
85	-0.449139	10.435720	2.317996	0.038031	0.8
86	-0.424717	9.876317	2.359992	0.016682	0.7
87	-0.443123	9.657028	2.376873	0.006492	0.8
88	-0.414548	9.816667	2.364560	0.013470	0.8
89	-0.458837	10.034750	2.347944	0.029757	0.8
90	-0.444527	10.879560	2.285724	0.017039	0.7
91	-0.425306	11.629328	2.233201	0.024082	0.7
92	-0.451301	11.210056	2.262271	0.021287	0.8
93	-0.457251	12.144884	2.198465	0.015379	0.8
94	-0.452187	12.701303	2.162167	0.019384	0.8
95	-0.440472	12.195228	2.195131	0.011602	0.7
96	-0.429700	11.765221	2.223939	0.024800	0.8
97	-0.454239	11.367927	2.251237	0.009727	0.8
98	-0.451682	11.057447	2.273040	0.012817	0.8
99	-0.438857	11.324188	2.254283	0.022087	0.8
100	-0.453099	10.867972	2.286555	0.018810	0.8
101	-0.466690	10.787770	2.292324	0.018925	0.7
102	-0.449696	10.274476	2.329947	0.006625	0.8
103	-0.426365	10.437735	2.317847	0.033379	0.7
104	-0.453218	10.620631	2.304440	0.010289	0.8
105	-0.431817	10.712663	2.297753	0.017475	0.7
106	-0.442598	10.676688	2.300362	0.011010	0.7
107	-0.446275	10.689438	2.299437	0.011022	0.8
108	-0.440867	10.528770	2.311155	0.013552	0.8
109	-0.432054	10.843578	2.288306	0.028133	0.8
110	-0.431067	11.548365	2.238756	0.011084	0.7
111	-0.425114	12.164236	2.197182	0.005584	0.7
112	-0.454426	12.043058	2.205240	0.011200	0.7
113	-0.446543	12.134959	2.199123	0.038168	0.8
114	-0.460446	12.983777	2.144196	0.018475	0.8
115	-0.461074	12.440176	2.179051	0.011162	0.8
116	-0.454010	12.833697	2.153707	0.014795	0.8
117	-0.433193	13.249380	2.127567	0.020152	0.7
118	-0.451779	13.895435	2.088177	0.015734	0.8
119	-0.455899	14.162081	2.072342	0.013471	0.7
120	-0.457523	13.994461	2.082268	0.015788	0.8
121	-0.437984	13.643396	2.103370	0.019076	0.7
122	-0.436030	13.315287	2.123481	0.010831	0.7
123	-0.436154	13.052969	2.139839	0.010270	0.7
124	-0.443050	12.912370	2.148710	0.014062	0.7
125	-0.428532	13.032545	2.141123	0.019907	0.7
126	-0.446170	12.776550	2.157351	0.027813	0.7
127	-0.448198	12.383809	2.182731	0.038435	0.7
128	-0.415435	11.806884	2.221115	0.008858	0.8
129	-0.434868	12.280249	2.189523	0.012629	0.8
130	-0.447620	12.350712	2.184897	0.020048	0.7
131	-0.432412	12.193322	2.195257	0.005745	0.7
132	-0.415325	12.132454	2.199290	0.019347	0.8
133	-0.444189	12.173027	2.196600	0.018828	0.7
134	-0.423084	11.930157	2.212800	0.007160	0.8
135	-0.442990	11.664891	2.230770	0.015214	0.8
136	-0.444662	11.798126	2.221708	0.013433	1.0
137	-0.446664	11.960198	2.210783	0.012225	0.9
138	-0.461523	12.267888	2.190336	0.021133	0.8
139	-0.431691	12.069374	2.203485	0.014745	0.8
140	-0.456787	12.547203	2.172099	0.018547	0.8
141	-0.432102	12.851401	2.152580	0.009756	0.8
142	-0.467714	12.813987	2.154962	0.010116	0.8
143	-0.442090	12.638958	2.166175	0.005396	0.8
144	-0.454780	12.513521	2.174283	0.024303	0.8
145	-0.440750	12.588886	2.169404	0.014441	0.8
146	-0.440675	12.069564	2.203472	0.006900	0.7
147	-0.441446	12.170634	2.196758	0.011988	0.8
148	-0.447390	12.062492	2.203943	0.010474	0.8
149	-0.425980	11.958832	2.210875	0.048547	0.8
150	-0.432072	12.799614	2.155879	0.009589	0.8
151	-0.437974	12.410233	2.181004	0.010352	0.8
152	-0.409846	12.213412	2.193929	0.014765	0.8
153	-0.431765	11.968681	2.210215	0.021443	0.8
154	-0.457841	12.185135	2.195798	0.013336	0.8
155	-0.432112	12.180795	2.196086	0.013342	0.8
156	-0.435094	12.028998	2.206178	0.029364	0.8
157	-0.436374	12.033860	2.205854	0.009983	0.8
158	-0.442599	12.461264	2.177678	0.014456	0.8
159	-0.440127	12.465399	2.177409	0.023952	0.7
160	-0.471533	12.143058	2.198586	0.015302	0.7
161	-0.423788	13.007737	2.142685	0.005260	0.7
162	-0.436144	13.015223	2.142213	0.012221	0.8
163	-0.453820	13.077909	2.138273	0.009654	0.8
164	-0.440714	13.096258	2.137122	0.032590	0.7
165	-0.433438	13.072983	2.138582	0.011140	0.7
166	-0.417145	13.777260	2.095273	0.010695	0.8
167	-0.429923	14.065118	2.078073	0.018528	0.7
168	-0.426077	13.735227	2.097809	0.042620	0.8
169	-0.435708	14.352087	2.061204	0.017939	0.8
170	-0.467735	15.077093	2.019782	0.015481	0.8
171	-0.427907	15.420392	2.000744	0.011011	0.7
172	-0.454104	15.168680	2.014667	0.012005	0.7
173	-0.436849	14.987801	2.024793	0.019418	0.8
174	-0.450288	15.491435	1.996848	0.022182	0.7
175	-0.446830	16.391544	1.948779	0.017521	0.8
176	-0.456191	17.286627	1.903220	0.025128	0.9
177	-0.443894	16.840462	1.925660	0.032356	0.9
178	-0.444324	16.300809	1.953520	0.028686	0.8
179	-0.442655	17.299626	1.902574	0.024800	0.8
180	-0.459540	18.293259	1.854462	0.019257	0.8
181	-0.457003	19.231487	1.811215	0.015988	0.8
182	-0.437928	19.458181	1.801066	0.011025	0.8
183	-0.439457	19.346264	1.806062	0.023250	0.8
184	-0.405077	18.937956	1.824527	0.012004	0.8
185	-0.439240	18.691819	1.835841	0.017213	0.8
186	-0.424805	18.770979	1.832187	0.017027	0.8
187	-0.438042	18.474440	1.845951	0.023897	0.7
188	-0.434499	17.940420	1.871265	0.012567	0.8
189	-0.439897	18.412387	1.848857	0.032724	0.8
190	-0.429899	17.891885	1.873601	0.012771	0.7
191	-0.437891	18.741272	1.833556	0.017098	0.8
192	-0.442537	18.393084	1.849763	0.012750	0.8
193	-0.447414	18.421397	1.848434	0.014248	0.7
194	-0.438126	18.670469	1.836829	0.005725	0.8
195	-0.427373	18.605555	1.839839	0.011899	0.8
196	-0.450663	18.531919	1.843267	0.027346	0.7
197	-0.427194	18.121212	1.862618	0.033770	0.8
198	-0.442348	17.548440	1.890293	0.029425	0.7
199	-0.456430	16.976458	1.918764	0.018086	0.7
200	-0.450347	17.872923	1.874515	0.008804	0.8
201	-0.463843	17.702704	1.882759	0.010329	0.7
202	-0.452920	17.649077	1.885371	0.006686	0.7
203	-0.420885	17.537929	1.890809	0.008299	0.8
204	-0.438569	17.499442	1.892699	0.015157	0.7
205	-0.447812	17.217357	1.906669	0.011239	0.7
206	-0.431656	16.943104	1.920451	0.009330	0.8
207	-0.449192	16.970863	1.919047	0.014977	0.8
208	-0.436448	16.949208	1.920142	0.004559	0.7
209	-0.461885	17.099808	1.912552	0.012743	0.8
210	-0.434009	17.077974	1.913649	0.012887	0.8
211	-0.450068	17.129263	1.911074	0.034248	0.8
212	-0.441521	16.596651	1.938148	0.009979	0.7
213	-0.434909	17.441739	1.895540	0.014220	0.7
214	-0.474360	17.833651	1.876410	0.033024	0.8
215	-0.455159	17.347146	1.900216	0.016382	0.8
216	-0.428497	18.199163	1.858914	0.005347	0.8
217	-0.450654	18.237844	1.857081	0.040612	0.8
218	-0.441074	18.283033	1.854945	0.015225	0.8
219	-0.436791	17.715450	1.882139	0.008895	0.8
220	-0.408441	17.651819	1.885238	0.017539	0.7
221	-0.449235	17.809097	1.877597	0.008332	0.8
222	-0.443858	17.757540	1.880095	0.012755	0.9
223	-0.450504	17.762117	1.879873	0.011237	0.8
224	-0.443799	17.722567	1.881793	0.013612	0.8
225	-0.441902	17.827800	1.876693	0.019788	0.8
226	-0.440825	17.773932	1.879300	0.012929	0.7
227	-0.445103	18.100634	1.863598	0.025844	0.8
228	-0.433160	17.593750	1.888074	0.010967	0.7
229	-0.444904	17.221883	1.906444	0.010300	0.8
230	-0.442480	17.226332	1.906222	0.021782	0.8
231	-0.452283	17.454177	1.894927	0.010193	0.8
232	-0.421404	17.360770	1.899541	0.017716	0.8
233	-0.463764	17.749522	1.880484	0.024601	0.7
234	-0.435373	17.351266	1.900012	0.016450	0.9
235	-0.431729	16.817853	1.926811	0.015668	0.7
236	-0.446126	16.357218	1.950570	0.042838	0.8
237	-0.433999	15.783466	1.980995	0.011624	0.8
238	-0.455832	15.430864	2.000168	0.016757	0.7
239	-0.435559	15.089122	2.019109	0.024006	0.8
240	-0.428383	15.841667	1.977866	0.026802	0.8
241	-0.449842	16.771539	1.929174	0.014171	0.8
242	-0.425429	17.557018	1.889873	0.011238	0.8
243	-0.431987	18.025575	1.867182	0.008660	0.7
244	-0.435260	18.156103	1.860958	0.013801	0.8
245	-0.436720	18.154295	1.861044	0.011610	0.7
246	-0.448849	18.426671	1.848187	0.014637	0.8
247	-0.451724	18.329075	1.852773	0.024777	0.8
248	-0.441175	19.121704	1.816171	0.003322	0.8
249	-0.439300	19.272653	1.809363	0.018866	0.7
250	-0.439308	19.260210	1.809923	0.013815	0.8
251	-0.454071	19.506193	1.798931	0.012653	0.8
252	-0.436576	19.543742	1.797265	0.016429	0.7
253	-0.435198	19.294908	1.808364	0.007948	0.8
254	-0.418674	19.161114	1.814388	0.011968	0.8
255	-0.426554	19.197906	1.812728	0.010541	0.8
Time spent in resolution 3 (ITK initialization and iterating): 0.231 s.
Stopping condition: Maximum number of iterations has been reached.
Settings of AdaptiveStochasticGradientDescent in resolution 3:
( SP_a 72.867862 )
( SP_A 20.000000 )
( SP_alpha 1.000000 )
( SigmoidMax 1.000000 )
( SigmoidMin -0.577115 )
( SigmoidScale 0.000114 )



=============== start of TransformParameterFile ===============
(Transform "AffineTransform")
(NumberOfParameters 6)
(TransformParameters 1.012052 -0.011722 0.014198 1.004463 -7.587879 11.472059)
(InitialTransformParametersFileName "NoInitialTransform")
(UseBinaryFormatForTransformationParameters "false")
(HowToCombineTransforms "Compose")

// Image specific
(FixedImageDimension 2)
(MovingImageDimension 2)
(FixedInternalImagePixelType "float")
(MovingInternalImagePixelType "float")
(Size 512 512)
(Index 0 0)
(Spacing 1.0000000000 1.0000000000)
(Origin 0.0000000000 0.0000000000)
(Direction 1.0000000000 0.0000000000 0.0000000000 1.0000000000)
(UseDirectionCosines "true")

// AdvancedAffineTransform specific
(CenterOfRotationPoint 255.5000000000 255.5000000000)

// ResampleInterpolator specific
(ResampleInterpolator "FinalBSplineInterpolator")
(FinalBSplineInterpolationOrder 3)

// Resampler specific
(Resampler "DefaultResampler")
(DefaultPixelValue 0.000000)
(ResultImageFormat "nii")
(ResultImagePixelType "float")
(CompressResultImage "false")

=============== end of TransformParameterFile ===============

Creating the TransformParameterFile took 0.00s

Registration result checksum: 710740015

Final metric value  = -0.426554
Settings of AdaptiveStochasticGradientDescent for all resolutions:
( SP_a 507.410113 759.515257 553.478166 72.867862 )
( SP_A 20.000000 20.000000 20.000000 20.000000 )
( SP_alpha 1.000000 1.000000 1.000000 1.000000 )
( SigmoidMax 1.000000 1.000000 1.000000 1.000000 )
( SigmoidMin -0.051584 -0.430304 -0.608059 -0.577115 )
( SigmoidScale 0.000000 0.000001 0.000002 0.000114 )

